<?xml version="1.0" encoding="UTF-8"?>
<!-- Generated by org.testng.reporters.JUnitReportReporter -->
<testsuite skipped="0" hostname="ATMECSINLT-135" name="com.app.OrangeHrm.TestScripts.SearchEmployee" tests="2" failures="0" timestamp="2019-07-23T01:52:30 IST" time="61.269" errors="0">
  <testcase name="testSearchByEmployeeName" time="43.839" classname="com.app.OrangeHrm.TestScripts.SearchEmployee"/>
  <testcase name="testSearchEmployeeById" time="17.430" classname="com.app.OrangeHrm.TestScripts.SearchEmployee"/>
</testsuite> <!-- com.app.OrangeHrm.TestScripts.SearchEmployee -->
