<?xml version="1.0" encoding="UTF-8"?>
<!-- Generated by org.testng.reporters.JUnitReportReporter -->
<testsuite skipped="0" hostname="ATMECSINLT-135" name="com.app.OrangeHrm.TestScripts.DashboardAssignLeaveTestScript" tests="1" failures="0" timestamp="2019-07-23T13:02:42 IST" time="20.106" errors="0">
  <testcase name="testSearchEmployeeById" time="20.106" classname="com.app.OrangeHrm.TestScripts.DashboardAssignLeaveTestScript"/>
</testsuite> <!-- com.app.OrangeHrm.TestScripts.DashboardAssignLeaveTestScript -->
