<?xml version="1.0" encoding="UTF-8"?>
<!-- Generated by org.testng.reporters.JUnitReportReporter -->
<testsuite skipped="0" hostname="ATMECSINLT-135" name="com.app.OrangeHrm.TestScripts.PIMAddEmployee" tests="1" failures="0" timestamp="2019-07-23T17:55:57 IST" time="20.224" errors="0">
  <testcase name="testAddEmplyoyee" time="20.224" classname="com.app.OrangeHrm.TestScripts.PIMAddEmployee"/>
</testsuite> <!-- com.app.OrangeHrm.TestScripts.PIMAddEmployee -->
