<?xml version="1.0" encoding="UTF-8"?>
<!-- Generated by org.testng.reporters.JUnitReportReporter -->
<testsuite skipped="0" hostname="ATMECSINLT-135" name="com.app.OrangeHrm.TestScripts.SampleTestScript" tests="2" failures="0" timestamp="2019-07-22T13:00:31 IST" time="48.899" errors="0">
  <testcase name="a" time="0.013" classname="com.app.OrangeHrm.TestScripts.SampleTestScript"/>
  <testcase name="sampleTest" time="48.886" classname="com.app.OrangeHrm.TestScripts.SampleTestScript"/>
</testsuite> <!-- com.app.OrangeHrm.TestScripts.SampleTestScript -->
